WARNING - [2025-01-26-00:19:57] [localhost] Port 135 open, DCE endpoint resolution, udp, epmap_udp
WARNING - [2025-01-26-00:19:57] [localhost] Port 135 open, DCE endpoint resolution, udp, epmap_udp
WARNING - [2025-01-26-00:19:57] [localhost] Port 445 open, Microsoft-DS, udp, microsoft-ds_udp
WARNING - [2025-01-26 00:59:46] [localhost] Port 135 open, DCE endpoint resolution, udp, epmap_udp
WARNING - [2025-01-26 01:00:06] [localhost] Port 445 open, Microsoft-DS, udp, microsoft-ds_udp
ERROR - [2025-01-26 01:02:58] Error during ping: module 'subprocess' has no attribute 'fileno'
ERROR - [2025-01-26 01:03:57] Error during ping: [Errno 9] Bad file descriptor
ERROR - [2025-01-26 01:04:11] Error during ping: [Errno 9] Bad file descriptor
ERROR - [2025-01-26 01:04:16] Error during ping: [Errno 9] Bad file descriptor
ERROR - [2025-01-26 01:04:20] Error during ping: [Errno 9] Bad file descriptor
ERROR - [2025-01-26 01:06:20] Error during ping: expected str, bytes or os.PathLike object, not function
ERROR - [2025-01-26 01:06:39] Error during ping: expected str, bytes or os.PathLike object, not function
INFO - 3.12.6 (tags/v3.12.6:a4a2d2b, Sep  6 2024, 20:11:23) [MSC v.1940 64 bit (AMD64)]
INFO - [2025-01-26-01:20:39] [c:\Users\manu\Desktop\Testing_Py\Network_stuff\settings.ini]
INFO - [2025-01-26-01:20:39] [c:\Users\manu\Desktop\Testing_Py\Network_stuff\ports.ini]
INFO - [2025-01-26 01:20:42] [Start ping]
INFO - [2025-01-26 01:20:42] <----------------------------------->
INFO - [2025-01-26 01:20:42] [Thread:start]
INFO - [2025-01-26 01:20:42] Pinging Manu [::1] with 32 bytes of data:
INFO - [2025-01-26 01:20:42] Reply from ::1: time<1ms
INFO - [2025-01-26 01:20:42] Reply from ::1: time<1ms
INFO - [2025-01-26 01:20:42] Reply from ::1: time<1ms
INFO - [2025-01-26 01:20:42] Reply from ::1: time<1ms
INFO - [2025-01-26 01:20:42] Ping statistics for ::1:
INFO - [2025-01-26 01:20:42] Packets: Sent = 4, Received = 4, Lost = 0 (0% loss),
INFO - [2025-01-26 01:20:42] Approximate round trip times in milli-seconds:
INFO - [2025-01-26 01:20:42] Minimum = 0ms, Maximum = 0ms, Average = 0ms
INFO - [2025-01-26 01:20:42] <----------------------------------->
INFO - [2025-01-26 01:20:42] [Thread: end]
INFO - [2025-01-26 01:20:42] [End ping]

INFO - 3.12.6 (tags/v3.12.6:a4a2d2b, Sep  6 2024, 20:11:23) [MSC v.1940 64 bit (AMD64)]
INFO - [2025-01-26-01:21:28] [c:\Users\manu\Desktop\Testing_Py\Network_stuff\settings.ini]
INFO - [2025-01-26-01:21:28] [c:\Users\manu\Desktop\Testing_Py\Network_stuff\ports.ini]
INFO - [2025-01-26 01:21:31] [Scan Started]
INFO - [2025-01-26 01:21:31] <----------------------------------->
INFO - [2025-01-26 01:21:31] Scanning ports  on localhost
ERROR - [2025-01-26 01:21:31] Invalid port range: 
INFO - [2025-01-26 01:21:44] [Scan Started]
INFO - [2025-01-26 01:21:44] <----------------------------------->
INFO - [2025-01-26 01:21:44] Scanning ports 100-150 on localhost
INFO - [2025-01-26 01:21:44] [Number of threads: 16]

INFO - [2025-01-26 01:21:44] <----------------------------------->
INFO - [2025-01-26 01:21:44] [Scan Results:]

WARNING - [2025-01-26 01:21:46] [localhost] Port 135 open, DCE endpoint resolution, udp, epmap_udp
INFO - [2025-01-26 01:22:00] [Start ping]
INFO - [2025-01-26 01:22:00] <----------------------------------->
INFO - [2025-01-26 01:22:00] [Thread:start]
INFO - [2025-01-26 01:22:00] Pinging 127.0.0.1 with 32 bytes of data:
INFO - [2025-01-26 01:22:00] Reply from 127.0.0.1: bytes=32 time<1ms TTL=128
INFO - [2025-01-26 01:22:00] Reply from 127.0.0.1: bytes=32 time<1ms TTL=128
INFO - [2025-01-26 01:22:00] Reply from 127.0.0.1: bytes=32 time<1ms TTL=128
INFO - [2025-01-26 01:22:00] Reply from 127.0.0.1: bytes=32 time<1ms TTL=128
INFO - [2025-01-26 01:22:00] Ping statistics for 127.0.0.1:
INFO - [2025-01-26 01:22:00] Packets: Sent = 4, Received = 4, Lost = 0 (0% loss),
INFO - [2025-01-26 01:22:00] Approximate round trip times in milli-seconds:
INFO - [2025-01-26 01:22:00] Minimum = 0ms, Maximum = 0ms, Average = 0ms
INFO - [2025-01-26 01:22:00] <----------------------------------->
INFO - [2025-01-26 01:22:00] [Thread: end]
INFO - [2025-01-26 01:22:00] [End ping]

INFO - 3.12.6 (tags/v3.12.6:a4a2d2b, Sep  6 2024, 20:11:23) [MSC v.1940 64 bit (AMD64)]
INFO - [2025-01-26-01:23:13] [c:\Users\manu\Desktop\Testing_Py\Network_stuff\settings.ini]
INFO - [2025-01-26-01:23:13] [c:\Users\manu\Desktop\Testing_Py\Network_stuff\ports.ini]
INFO - [2025-01-26 01:23:22] [Scan Started]
INFO - [2025-01-26 01:23:22] <----------------------------------->
INFO - [2025-01-26 01:23:22] Scanning ports 100-150 on localhost
INFO - [2025-01-26 01:23:22] [Number of threads: 16]

INFO - 3.12.6 (tags/v3.12.6:a4a2d2b, Sep  6 2024, 20:11:23) [MSC v.1940 64 bit (AMD64)]
INFO - [2025-01-26-01:25:01] [c:\Users\manu\Desktop\Testing_Py\Network_stuff\settings.ini]
INFO - [2025-01-26-01:25:01] [c:\Users\manu\Desktop\Testing_Py\Network_stuff\ports.ini]
INFO - [2025-01-26 01:25:17] [Start ping]
INFO - [2025-01-26 01:25:17] <----------------------------------->
INFO - [2025-01-26 01:25:17] [Thread:start]
INFO - [2025-01-26 01:25:17] Pinging 137.74.187.100 with 32 bytes of data:
INFO - [2025-01-26 01:25:17] Reply from 137.74.187.100: bytes=32 time=37ms TTL=50
INFO - [2025-01-26 01:25:17] Reply from 137.74.187.100: bytes=32 time=15ms TTL=50
INFO - [2025-01-26 01:25:17] Reply from 137.74.187.100: bytes=32 time=15ms TTL=50
INFO - [2025-01-26 01:25:17] Reply from 137.74.187.100: bytes=32 time=15ms TTL=50
INFO - [2025-01-26 01:25:17] Ping statistics for 137.74.187.100:
INFO - [2025-01-26 01:25:17] Packets: Sent = 4, Received = 4, Lost = 0 (0% loss),
INFO - [2025-01-26 01:25:17] Approximate round trip times in milli-seconds:
INFO - [2025-01-26 01:25:17] Minimum = 15ms, Maximum = 37ms, Average = 20ms
INFO - [2025-01-26 01:25:17] <----------------------------------->
INFO - [2025-01-26 01:25:17] [Thread: end]
INFO - [2025-01-26 01:25:17] [End ping]

INFO - [2025-01-26 01:25:31] [Scan Started]
INFO - [2025-01-26 01:25:31] <----------------------------------->
INFO - [2025-01-26 01:25:31] Scanning ports 1-1000 on 137.74.187.100
INFO - [2025-01-26 01:25:31] [Number of threads: 16]

INFO - [2025-01-26 01:25:31] <----------------------------------->
INFO - [2025-01-26 01:25:31] [Scan Results:]

WARNING - [2025-01-26 01:25:35] [137.74.187.100] Port 80 open, World Wide Web HTTP, udp, http_udp
WARNING - [2025-01-26 01:25:58] [137.74.187.100] Port 443 open, HTTP protocol over TLS/SSL, udp, https_udp
INFO - 3.12.6 (tags/v3.12.6:a4a2d2b, Sep  6 2024, 20:11:23) [MSC v.1940 64 bit (AMD64)]
INFO - [2025-01-26-15:45:03] [c:\Users\manu\Desktop\Testing_Py\Network_stuff\settings.ini]
INFO - [2025-01-26-15:45:03] [c:\Users\manu\Desktop\Testing_Py\Network_stuff\ports.ini]
INFO - [2025-01-26 15:45:08] [Start ping]
INFO - [2025-01-26 15:45:08] <----------------------------------->
INFO - [2025-01-26 15:45:08] [Thread:start]
INFO - [2025-01-26 15:45:08] Pinging Manu [::1] with 32 bytes of data:
INFO - [2025-01-26 15:45:08] Reply from ::1: time<1ms
INFO - [2025-01-26 15:45:08] Reply from ::1: time<1ms
INFO - [2025-01-26 15:45:08] Reply from ::1: time<1ms
INFO - [2025-01-26 15:45:08] Reply from ::1: time<1ms
INFO - [2025-01-26 15:45:08] Ping statistics for ::1:
INFO - [2025-01-26 15:45:08] Packets: Sent = 4, Received = 4, Lost = 0 (0% loss),
INFO - [2025-01-26 15:45:08] Approximate round trip times in milli-seconds:
INFO - [2025-01-26 15:45:08] Minimum = 0ms, Maximum = 0ms, Average = 0ms
INFO - [2025-01-26 15:45:08] <----------------------------------->
INFO - [2025-01-26 15:45:08] [Thread: end]
INFO - [2025-01-26 15:45:08] [End ping]

INFO - 3.12.6 (tags/v3.12.6:a4a2d2b, Sep  6 2024, 20:11:23) [MSC v.1940 64 bit (AMD64)]
INFO - [2025-01-26-15:58:49] [c:\Users\manu\Desktop\Testing_Py\Ping and Scan tool\settings.ini]
INFO - [2025-01-26-15:58:49] [c:\Users\manu\Desktop\Testing_Py\Ping and Scan tool\ports.ini]
INFO - 3.12.6 (tags/v3.12.6:a4a2d2b, Sep  6 2024, 20:11:23) [MSC v.1940 64 bit (AMD64)]
INFO - [2025-01-26-15:58:59] [c:\Users\manu\Desktop\Testing_Py\Ping and Scan tool\settings.ini]
INFO - [2025-01-26-15:58:59] [c:\Users\manu\Desktop\Testing_Py\Ping and Scan tool\ports.ini]
INFO - [2025-01-26 15:59:01] [Start ping]
INFO - [2025-01-26 15:59:01] <----------------------------------->
INFO - [2025-01-26 15:59:01] [Thread:start]
INFO - [2025-01-26 15:59:01] Pinging Manu [::1] with 32 bytes of data:
INFO - [2025-01-26 15:59:01] Reply from ::1: time<1ms
INFO - [2025-01-26 15:59:01] Reply from ::1: time<1ms
INFO - [2025-01-26 15:59:01] Reply from ::1: time<1ms
INFO - [2025-01-26 15:59:01] Reply from ::1: time<1ms
INFO - [2025-01-26 15:59:01] Ping statistics for ::1:
INFO - [2025-01-26 15:59:01] Packets: Sent = 4, Received = 4, Lost = 0 (0% loss),
INFO - [2025-01-26 15:59:01] Approximate round trip times in milli-seconds:
INFO - [2025-01-26 15:59:01] Minimum = 0ms, Maximum = 0ms, Average = 0ms
INFO - [2025-01-26 15:59:01] <----------------------------------->
INFO - [2025-01-26 15:59:01] [Thread: end]
INFO - [2025-01-26 15:59:01] [End ping]

INFO - 3.12.6 (tags/v3.12.6:a4a2d2b, Sep  6 2024, 20:11:23) [MSC v.1940 64 bit (AMD64)]
INFO - [2025-01-26-16:00:07] [c:\Users\manu\Desktop\Testing_Py\Ping_and_Scan_tool\settings.ini]
INFO - [2025-01-26-16:00:07] [c:\Users\manu\Desktop\Testing_Py\Ping_and_Scan_tool\ports.ini]
INFO - 3.12.6 (tags/v3.12.6:a4a2d2b, Sep  6 2024, 20:11:23) [MSC v.1940 64 bit (AMD64)]
INFO - CPU Info:
INFO - Physical cores: 4
INFO - Total cores: 8
INFO - Max Frequency: 4200.0Mhz
INFO - Min Frequency: 0.0Mhz
INFO - Current Frequency: 4200.0Mhz
INFO - CPU Usage Per Core: [100.0, 100.0, 100.0, 0.0, 100.0, 100.0, 100.0, 100.0]
INFO - Total CPU Usage: 88.9%
INFO - 
Memory Info:
INFO - Total: 31.94 GB
INFO - Available: 22.69 GB
INFO - Used: 9.25 GB
INFO - Percentage: 28.9%
INFO - 
Disk Info:
INFO - Device: C:\
INFO -   Mountpoint: C:\
INFO -   File system type: NTFS
INFO -   Total Size: 232.27 GB
INFO -   Used: 208.35 GB
INFO -   Free: 23.93 GB
INFO -   Percentage: 89.7%
INFO - Device: D:\
INFO -   Mountpoint: D:\
INFO -   File system type: NTFS
INFO -   Total Size: 931.51 GB
INFO -   Used: 624.66 GB
INFO -   Free: 306.85 GB
INFO -   Percentage: 67.1%
INFO - Device: G:\
INFO -   Mountpoint: G:\
INFO -   File system type: NTFS
INFO -   Total Size: 931.51 GB
INFO -   Used: 90.20 GB
INFO -   Free: 841.31 GB
INFO -   Percentage: 9.7%
INFO - Device: K:\
INFO -   Mountpoint: K:\
INFO -   File system type: 
INFO - 3.12.6 (tags/v3.12.6:a4a2d2b, Sep  6 2024, 20:11:23) [MSC v.1940 64 bit (AMD64)]
INFO - CPU Info:
INFO - Physical cores: 4
INFO - Total cores: 8
INFO - Max Frequency: 4200.0Mhz
INFO - Min Frequency: 0.0Mhz
INFO - Current Frequency: 4200.0Mhz
INFO - CPU Usage Per Core: [0.0, 0.0, 0.0, 0.0, 0.0, 0.0, 0.0, 0.0]
INFO - Total CPU Usage: 0.0%
INFO - 
Memory Info:
INFO - Total: 31.94 GB
INFO - Available: 22.72 GB
INFO - Used: 9.22 GB
INFO - Percentage: 28.9%
INFO - 
Network Info:
INFO - Total Bytes Sent: 97.59 MB
INFO - Total Bytes Received: 559.58 MB
INFO - [2025-01-26-16:10:33] [c:\Users\manu\Desktop\Testing_Py\Ping_and_Scan_tool\settings.ini]
INFO - [2025-01-26-16:10:33] [c:\Users\manu\Desktop\Testing_Py\Ping_and_Scan_tool\ports.ini]
INFO - 3.12.6 (tags/v3.12.6:a4a2d2b, Sep  6 2024, 20:11:23) [MSC v.1940 64 bit (AMD64)]

INFO - CPU Info:
INFO - Physical cores: 4
INFO - Total cores: 8
INFO - Max Frequency: 4200.0Mhz
INFO - Min Frequency: 0.0Mhz
INFO - Current Frequency: 4200.0Mhz
INFO - CPU Usage Per Core: [0.0, 0.0, 0.0, 0.0, 0.0, 0.0, 0.0, 0.0]
INFO - Total CPU Usage: 0.0%

INFO - None
INFO - Memory Info:
INFO - Total: 31.94 GB
INFO - Available: 22.54 GB
INFO - Used: 9.40 GB
INFO - Percentage: 29.4%

INFO - None
INFO - Network Info:
INFO - Total Bytes Sent: 99.63 MB
INFO - Total Bytes Received: 608.49 MB

INFO - None
INFO - [2025-01-26-16:17:03] [c:\Users\manu\Desktop\Testing_Py\Ping_and_Scan_tool\settings.ini]
INFO - [2025-01-26-16:17:03] [c:\Users\manu\Desktop\Testing_Py\Ping_and_Scan_tool\ports.ini]

INFO - 3.12.6 (tags/v3.12.6:a4a2d2b, Sep  6 2024, 20:11:23) [MSC v.1940 64 bit (AMD64)]

INFO - CPU Info:
INFO - Physical cores: 4
INFO - Total cores: 8
INFO - Max Frequency: 4200.0Mhz
INFO - Min Frequency: 0.0Mhz
INFO - Current Frequency: 4200.0Mhz
INFO - CPU Usage Per Core: [0.0, 0.0, 0.0, 0.0, 0.0, 0.0, 0.0, 0.0]
INFO - Total CPU Usage: 0.0%

INFO - None
INFO - Memory Info:
INFO - Total: 31.94 GB
INFO - Available: 22.53 GB
INFO - Used: 9.41 GB
INFO - Percentage: 29.5%

INFO - None
INFO - Network Info:
INFO - Total Bytes Sent: 99.80 MB
INFO - Total Bytes Received: 608.76 MB

INFO - None
INFO - [2025-01-26-16:18:44] [c:\Users\manu\Desktop\Testing_Py\Ping_and_Scan_tool\settings.ini]
INFO - [2025-01-26-16:18:44] [c:\Users\manu\Desktop\Testing_Py\Ping_and_Scan_tool\ports.ini]

INFO - [2025-01-26-16:19:09] [c:\Users\manu\Desktop\Testing_Py\Ping_and_Scan_tool\settings.ini]
INFO - [2025-01-26-16:19:09] [c:\Users\manu\Desktop\Testing_Py\Ping_and_Scan_tool\ports.ini]

INFO - 3.12.6 (tags/v3.12.6:a4a2d2b, Sep  6 2024, 20:11:23) [MSC v.1940 64 bit (AMD64)]

INFO - CPU Info:
INFO - Physical cores: 4
INFO - Total cores: 8
INFO - Max Frequency: 4200.0Mhz
INFO - Min Frequency: 0.0Mhz
INFO - Current Frequency: 4200.0Mhz
INFO - CPU Usage Per Core: [100.0, 100.0, 100.0, 100.0, 100.0, 0.0, 100.0, 0.0]
INFO - Total CPU Usage: 75.0%

INFO - None
INFO - Memory Info:
INFO - Total: 31.94 GB
INFO - Available: 22.47 GB
INFO - Used: 9.47 GB
INFO - Percentage: 29.7%

INFO - None
INFO - Network Info:
INFO - Total Bytes Sent: 100.02 MB
INFO - Total Bytes Received: 611.66 MB

INFO - None
INFO - CPU Info:
INFO - Physical cores: 4
INFO - Total cores: 8
INFO - Max Frequency: 4200.0Mhz
INFO - Min Frequency: 0.0Mhz
INFO - Current Frequency: 4200.0Mhz
INFO - CPU Usage Per Core: [0.0, 0.0, 0.0, 0.0, 0.0, 0.0, 0.0, 0.0]
INFO - Total CPU Usage: 62.5%

INFO - Memory Info:
INFO - Total: 31.94 GB
INFO - Available: 22.45 GB
INFO - Used: 9.49 GB
INFO - Percentage: 29.7%

INFO - Network Info:
INFO - Total Bytes Sent: 101.16 MB
INFO - Total Bytes Received: 640.06 MB

INFO - [2025-01-26-16:21:28] [c:\Users\manu\Desktop\Testing_Py\Ping_and_Scan_tool\settings.ini]
INFO - [2025-01-26-16:21:28] [c:\Users\manu\Desktop\Testing_Py\Ping_and_Scan_tool\ports.ini]

INFO - 3.12.6 (tags/v3.12.6:a4a2d2b, Sep  6 2024, 20:11:23) [MSC v.1940 64 bit (AMD64)]

INFO - CPU Info:
INFO - Physical cores: 4
INFO - Total cores: 8
INFO - Max Frequency: 4200.0Mhz
INFO - Min Frequency: 0.0Mhz
INFO - Current Frequency: 4200.0Mhz
INFO - CPU Usage Per Core: [100.0, 50.0, 100.0, 0.0, 50.0, 50.0, 50.0, 100.0]
INFO - Total CPU Usage: 62.5%

INFO - None
INFO - Memory Info:
INFO - Total: 31.94 GB
INFO - Available: 22.45 GB
INFO - Used: 9.49 GB
INFO - Percentage: 29.7%

INFO - None
INFO - Network Info:
INFO - Total Bytes Sent: 101.16 MB
INFO - Total Bytes Received: 640.06 MB

INFO - None
INFO - CPU Info:
INFO - Physical cores: 4
INFO - Total cores: 8
INFO - Max Frequency: 4200.0Mhz
INFO - Min Frequency: 0.0Mhz
INFO - Current Frequency: 4200.0Mhz
INFO - CPU Usage Per Core: [100.0, 100.0, 100.0, 100.0, 100.0, 100.0, 100.0, 100.0]
INFO - Total CPU Usage: 100.0%

INFO - Memory Info:
INFO - Total: 31.94 GB
INFO - Available: 22.44 GB
INFO - Used: 9.50 GB
INFO - Percentage: 29.7%

INFO - Network Info:
INFO - Total Bytes Sent: 101.32 MB
INFO - Total Bytes Received: 643.75 MB

INFO - 3.12.6 (tags/v3.12.6:a4a2d2b, Sep  6 2024, 20:11:23) [MSC v.1940 64 bit (AMD64)]

INFO - CPU Info:
INFO - Physical cores: 4
INFO - Total cores: 8
INFO - Max Frequency: 4200.0Mhz
INFO - Min Frequency: 0.0Mhz
INFO - Current Frequency: 4200.0Mhz
INFO - CPU Usage Per Core: [100.0, 100.0, 100.0, 0.0, 100.0, 0.0, 100.0, 0.0]
INFO - Total CPU Usage: 62.5%

INFO - None
INFO - Memory Info:
INFO - Total: 31.94 GB
INFO - Available: 22.44 GB
INFO - Used: 9.50 GB
INFO - Percentage: 29.7%

INFO - None
INFO - Network Info:
INFO - Total Bytes Sent: 101.32 MB
INFO - Total Bytes Received: 643.75 MB

INFO - None
INFO - [2025-01-26-16:22:40] [c:\Users\manu\Desktop\Testing_Py\Ping_and_Scan_tool\settings.ini]
INFO - [2025-01-26-16:22:40] [c:\Users\manu\Desktop\Testing_Py\Ping_and_Scan_tool\ports.ini]

INFO - CPU Info:
INFO - Physical cores: 4
INFO - Total cores: 8
INFO - Max Frequency: 4200.0Mhz
INFO - Min Frequency: 0.0Mhz
INFO - Current Frequency: 4200.0Mhz
INFO - CPU Usage Per Core: [0.0, 0.0, 0.0, 0.0, 0.0, 0.0, 0.0, 0.0]
INFO - Total CPU Usage: 0.0%

INFO - Memory Info:
INFO - Total: 31.94 GB
INFO - Available: 22.51 GB
INFO - Used: 9.43 GB
INFO - Percentage: 29.5%

INFO - Network Info:
INFO - Total Bytes Sent: 101.84 MB
INFO - Total Bytes Received: 650.75 MB

INFO - 3.12.6 (tags/v3.12.6:a4a2d2b, Sep  6 2024, 20:11:23) [MSC v.1940 64 bit (AMD64)]

INFO - [2025-01-26-16:25:23] [c:\Users\manu\Desktop\Testing_Py\Ping_and_Scan_tool\settings.ini]
INFO - [2025-01-26-16:25:23] [c:\Users\manu\Desktop\Testing_Py\Ping_and_Scan_tool\ports.ini]

INFO - 3.12.6 (tags/v3.12.6:a4a2d2b, Sep  6 2024, 20:11:23) [MSC v.1940 64 bit (AMD64)]

INFO - [2025-01-26-16:26:26] [c:\Users\manu\Desktop\Testing_Py\Ping_and_Scan_tool\settings.ini]
INFO - [2025-01-26-16:26:26] [c:\Users\manu\Desktop\Testing_Py\Ping_and_Scan_tool\ports.ini]

INFO - CPU Info:
INFO - Physical cores: 4
INFO - Total cores: 8
INFO - Max Frequency: 4200.0Mhz
INFO - Min Frequency: 0.0Mhz
INFO - Current Frequency: 4200.0Mhz
INFO - CPU Usage Per Core: [0.0, 0.0, 0.0, 0.0, 0.0, 0.0, 0.0, 0.0]
INFO - Total CPU Usage: 0.0%

INFO - Memory Info:
INFO - Total: 31.94 GB
INFO - Available: 22.56 GB
INFO - Used: 9.38 GB
INFO - Percentage: 29.4%

INFO - Network Info:
INFO - Total Bytes Sent: 102.04 MB
INFO - Total Bytes Received: 653.45 MB

INFO - 3.12.6 (tags/v3.12.6:a4a2d2b, Sep  6 2024, 20:11:23) [MSC v.1940 64 bit (AMD64)]

INFO - [2025-01-26-16:27:40] [c:\Users\manu\Desktop\Testing_Py\Ping_and_Scan_tool\settings.ini]
INFO - [2025-01-26-16:27:40] [c:\Users\manu\Desktop\Testing_Py\Ping_and_Scan_tool\ports.ini]

INFO - CPU Info:
INFO - Physical cores: 4
INFO - Total cores: 8
INFO - Max Frequency: 4200.0Mhz
INFO - Min Frequency: 0.0Mhz
INFO - Current Frequency: 4200.0Mhz
INFO - CPU Usage Per Core: [45.8, 44.0, 73.9, 30.4, 30.4, 26.1, 39.1, 47.8]
INFO - Total CPU Usage: 42.2%

INFO - Memory Info:
INFO - Total: 31.94 GB
INFO - Available: 22.60 GB
INFO - Used: 9.34 GB
INFO - Percentage: 29.2%

INFO - Network Info:
INFO - Total Bytes Sent: 102.09 MB
INFO - Total Bytes Received: 653.49 MB

INFO - 3.12.6 (tags/v3.12.6:a4a2d2b, Sep  6 2024, 20:11:23) [MSC v.1940 64 bit (AMD64)]

INFO - [2025-01-26-16:28:16] [c:\Users\manu\Desktop\Testing_Py\Ping_and_Scan_tool\settings.ini]
INFO - [2025-01-26-16:28:16] [c:\Users\manu\Desktop\Testing_Py\Ping_and_Scan_tool\ports.ini]

INFO - CPU Info:
INFO - Physical cores: 4
INFO - Total cores: 8
INFO - Max Frequency: 4200.0Mhz
INFO - Min Frequency: 0.0Mhz
INFO - Current Frequency: 4200.0Mhz
INFO - CPU Usage Per Core: [34.8, 26.1, 63.6, 43.5, 31.8, 22.7, 45.5, 13.6]
INFO - Total CPU Usage: 35.2%

INFO - Memory Info:
INFO - Total: 31.94 GB
INFO - Available: 22.52 GB
INFO - Used: 9.42 GB
INFO - Percentage: 29.5%

INFO - Network Info:
INFO - Total Bytes Sent: 102.28 MB
INFO - Total Bytes Received: 655.23 MB

INFO - CPU Info:
INFO - Physical cores: 4
INFO - Total cores: 8
INFO - Max Frequency: 4200.0Mhz
INFO - Min Frequency: 0.0Mhz
INFO - Current Frequency: 4200.0Mhz
INFO - CPU Usage Per Core: [100.0, 0.0, 100.0, 100.0, 0.0, 100.0, 0.0, 0.0]
INFO - Total CPU Usage: 50.0%

INFO - Memory Info:
INFO - Total: 31.94 GB
INFO - Available: 22.52 GB
INFO - Used: 9.42 GB
INFO - Percentage: 29.5%

INFO - Network Info:
INFO - Total Bytes Sent: 102.28 MB
INFO - Total Bytes Received: 655.23 MB

INFO - None
INFO - 3.12.6 (tags/v3.12.6:a4a2d2b, Sep  6 2024, 20:11:23) [MSC v.1940 64 bit (AMD64)]

INFO - [2025-01-26-16:29:17] [c:\Users\manu\Desktop\Testing_Py\Ping_and_Scan_tool\settings.ini]
INFO - [2025-01-26-16:29:17] [c:\Users\manu\Desktop\Testing_Py\Ping_and_Scan_tool\ports.ini]

INFO - CPU Info:
INFO - Physical cores: 4
INFO - Total cores: 8
INFO - Max Frequency: 4200.0Mhz
INFO - Min Frequency: 0.0Mhz
INFO - Current Frequency: 4200.0Mhz
INFO - CPU Usage Per Core: [44.8, 38.5, 57.7, 38.5, 50.0, 34.6, 30.8, 30.8]
INFO - Total CPU Usage: 41.7%

INFO - Memory Info:
INFO - Total: 31.94 GB
INFO - Available: 22.43 GB
INFO - Used: 9.51 GB
INFO - Percentage: 29.8%

INFO - Network Info:
INFO - Total Bytes Sent: 102.79 MB
INFO - Total Bytes Received: 667.17 MB

INFO - CPU Info:
INFO - Physical cores: 4
INFO - Total cores: 8
INFO - Max Frequency: 4200.0Mhz
INFO - Min Frequency: 0.0Mhz
INFO - Current Frequency: 4200.0Mhz
INFO - CPU Usage Per Core: [100.0, 0.0, 50.0, 0.0, 100.0, 0.0, 50.0, 0.0]
INFO - Total CPU Usage: 18.2%

INFO - Memory Info:
INFO - Total: 31.94 GB
INFO - Available: 22.43 GB
INFO - Used: 9.51 GB
INFO - Percentage: 29.8%

INFO - Network Info:
INFO - Total Bytes Sent: 102.79 MB
INFO - Total Bytes Received: 667.17 MB

INFO - None
INFO - 3.12.6 (tags/v3.12.6:a4a2d2b, Sep  6 2024, 20:11:23) [MSC v.1940 64 bit (AMD64)]

INFO - [2025-01-26-16:31:21] [c:\Users\manu\Desktop\Testing_Py\Ping_and_Scan_tool\settings.ini]
INFO - [2025-01-26-16:31:21] [c:\Users\manu\Desktop\Testing_Py\Ping_and_Scan_tool\ports.ini]

INFO - CPU Info:
INFO - Physical cores: 4
INFO - Total cores: 8
INFO - Max Frequency: 4200.0Mhz
INFO - Min Frequency: 0.0Mhz
INFO - Current Frequency: 4200.0Mhz
INFO - CPU Usage Per Core: [0.0, 100.0, 100.0, 0.0, 100.0, 0.0, 100.0, 0.0]
INFO - Total CPU Usage: 50.0%

INFO - Memory Info:
INFO - Total: 31.94 GB
INFO - Available: 22.46 GB
INFO - Used: 9.48 GB
INFO - Percentage: 29.7%

INFO - Network Info:
INFO - Total Bytes Sent: 103.20 MB
INFO - Total Bytes Received: 679.65 MB

INFO - 3.12.6 (tags/v3.12.6:a4a2d2b, Sep  6 2024, 20:11:23) [MSC v.1940 64 bit (AMD64)]

INFO - [2025-01-26-16:42:17] [c:\Users\manu\Desktop\Testing_Py\Ping_and_Scan_tool\settings.ini]
INFO - [2025-01-26-16:42:17] [c:\Users\manu\Desktop\Testing_Py\Ping_and_Scan_tool\ports.ini]

INFO - CPU Info:
INFO - Physical cores: 4
INFO - Total cores: 8
INFO - Max Frequency: 4200.0Mhz
INFO - Min Frequency: 0.0Mhz
INFO - Current Frequency: 4200.0Mhz
INFO - CPU Usage Per Core: [40.9, 4.8, 19.0, 14.3, 42.9, 14.3, 14.3, 4.8]
INFO - Total CPU Usage: 19.5%

INFO - Memory Info:
INFO - Total: 31.94 GB
INFO - Available: 22.33 GB
INFO - Used: 9.61 GB
INFO - Percentage: 30.1%

INFO - Network Info:
INFO - Total Bytes Sent: 106.93 MB
INFO - Total Bytes Received: 764.98 MB

INFO - 3.12.6 (tags/v3.12.6:a4a2d2b, Sep  6 2024, 20:11:23) [MSC v.1940 64 bit (AMD64)]

INFO - [2025-01-26-16:42:43] [c:\Users\manu\Desktop\Testing_Py\Ping_and_Scan_tool\settings.ini]
INFO - [2025-01-26-16:42:43] [c:\Users\manu\Desktop\Testing_Py\Ping_and_Scan_tool\ports.ini]

INFO - CPU Info:
INFO - Physical cores: 4
INFO - Total cores: 8
INFO - Max Frequency: 4200.0Mhz
INFO - Min Frequency: 0.0Mhz
INFO - Current Frequency: 4200.0Mhz
INFO - CPU Usage Per Core: [0.0, 0.0, 0.0, 0.0, 0.0, 0.0, 0.0, 0.0]
INFO - Total CPU Usage: 0.0%

INFO - Memory Info:
INFO - Total: 31.94 GB
INFO - Available: 22.27 GB
INFO - Used: 9.67 GB
INFO - Percentage: 30.3%

INFO - Network Info:
INFO - Total Bytes Sent: 107.04 MB
INFO - Total Bytes Received: 767.53 MB

INFO - 3.12.6 (tags/v3.12.6:a4a2d2b, Sep  6 2024, 20:11:23) [MSC v.1940 64 bit (AMD64)]

INFO - [2025-01-26-16:47:46] [c:\Users\manu\Desktop\Testing_Py\Ping_and_Scan_tool\settings.ini]
INFO - [2025-01-26-16:47:46] [c:\Users\manu\Desktop\Testing_Py\Ping_and_Scan_tool\ports.ini]

INFO - CPU Info:
INFO - Physical cores: 4
INFO - Total cores: 8
INFO - Max Frequency: 4200.0Mhz
INFO - Min Frequency: 0.0Mhz
INFO - Current Frequency: 4200.0Mhz
INFO - CPU Usage Per Core: [23.8, 19.0, 61.9, 28.6, 42.9, 23.8, 61.9, 33.3]
INFO - Total CPU Usage: 36.9%

INFO - Memory Info:
INFO - Total: 31.94 GB
INFO - Available: 22.32 GB
INFO - Used: 9.62 GB
INFO - Percentage: 30.1%

INFO - Network Info:
INFO - Total Bytes Sent: 109.18 MB
INFO - Total Bytes Received: 818.41 MB

INFO - [2025-01-26 16:47:55] [Start ping]
INFO - [2025-01-26 16:47:55] <----------------------------------->
INFO - [2025-01-26 16:47:55] [Thread:start]
INFO - [2025-01-26 16:47:55] Pinging Manu [::1] with 32 bytes of data:
INFO - [2025-01-26 16:47:55] Reply from ::1: time<1ms
INFO - [2025-01-26 16:47:55] Reply from ::1: time<1ms
INFO - [2025-01-26 16:47:55] Reply from ::1: time<1ms
INFO - [2025-01-26 16:47:55] Reply from ::1: time<1ms
INFO - [2025-01-26 16:47:55] Ping statistics for ::1:
INFO - [2025-01-26 16:47:55] Packets: Sent = 4, Received = 4, Lost = 0 (0% loss),
INFO - [2025-01-26 16:47:55] Approximate round trip times in milli-seconds:
INFO - [2025-01-26 16:47:55] Minimum = 0ms, Maximum = 0ms, Average = 0ms
INFO - [2025-01-26 16:47:55] <----------------------------------->
INFO - [2025-01-26 16:47:55] [Thread: end]
INFO - [2025-01-26 16:47:55] [End ping]

INFO - [2025-01-26 16:48:05] [Scan Started]
INFO - [2025-01-26 16:48:05] <----------------------------------->
INFO - [2025-01-26 16:48:05] Scanning ports 100-150 on localhost
INFO - [2025-01-26 16:48:05] [Number of threads: 16]

INFO - [2025-01-26 16:48:05] <----------------------------------->
INFO - [2025-01-26 16:48:05] [Scan Results:]

WARNING - [2025-01-26 16:48:07] [localhost] Port 135 open, DCE endpoint resolution, udp, epmap_udp
INFO - 3.12.6 (tags/v3.12.6:a4a2d2b, Sep  6 2024, 20:11:23) [MSC v.1940 64 bit (AMD64)]

INFO - [2025-01-26-16:49:45] [c:\Users\manu\Desktop\Testing_Py\Ping_and_Scan_tool\settings.ini]
INFO - [2025-01-26-16:49:45] [c:\Users\manu\Desktop\Testing_Py\Ping_and_Scan_tool\ports.ini]

INFO - CPU Info:
INFO - Physical cores: 4
INFO - Total cores: 8
INFO - Max Frequency: 4200.0Mhz
INFO - Min Frequency: 0.0Mhz
INFO - Current Frequency: 4200.0Mhz
INFO - CPU Usage Per Core: [28.6, 31.8, 38.1, 19.0, 23.8, 28.6, 23.8, 33.3]
INFO - Total CPU Usage: 28.4%

INFO - Memory Info:
INFO - Total: 31.94 GB
INFO - Available: 22.22 GB
INFO - Used: 9.72 GB
INFO - Percentage: 30.4%

INFO - Network Info:
INFO - Total Bytes Sent: 109.77 MB
INFO - Total Bytes Received: 831.15 MB

INFO - 3.12.6 (tags/v3.12.6:a4a2d2b, Sep  6 2024, 20:11:23) [MSC v.1940 64 bit (AMD64)]

INFO - [2025-01-26-16:50:50] [c:\Users\manu\Desktop\Testing_Py\Ping_and_Scan_tool\settings.ini]
INFO - [2025-01-26-16:50:50] [c:\Users\manu\Desktop\Testing_Py\Ping_and_Scan_tool\ports.ini]

INFO - CPU Info:
INFO - Physical cores: 4
INFO - Total cores: 8
INFO - Max Frequency: 4200.0Mhz
INFO - Min Frequency: 0.0Mhz
INFO - Current Frequency: 4200.0Mhz
INFO - CPU Usage Per Core: [43.5, 36.4, 59.1, 27.3, 36.4, 45.5, 36.4, 36.4]
INFO - Total CPU Usage: 40.1%

INFO - Memory Info:
INFO - Total: 31.94 GB
INFO - Available: 22.20 GB
INFO - Used: 9.74 GB
INFO - Percentage: 30.5%

INFO - Network Info:
INFO - Total Bytes Sent: 110.35 MB
INFO - Total Bytes Received: 850.50 MB

INFO - [2025-01-26 16:50:53] [Start ping]
INFO - [2025-01-26 16:50:53] <----------------------------------->
INFO - [2025-01-26 16:50:53] b'Pinging Manu [::1] with 32 bytes of data:'
INFO - [2025-01-26 16:50:53] b'Reply from ::1: time<1ms'
INFO - [2025-01-26 16:50:53] b'Reply from ::1: time<1ms'
INFO - [2025-01-26 16:50:53] b'Reply from ::1: time<1ms'
INFO - [2025-01-26 16:50:53] b'Reply from ::1: time<1ms'
INFO - [2025-01-26 16:50:53] b'Ping statistics for ::1:'
INFO - [2025-01-26 16:50:53] b'Packets: Sent = 4, Received = 4, Lost = 0 (0% loss),'
INFO - [2025-01-26 16:50:53] b'Approximate round trip times in milli-seconds:'
INFO - [2025-01-26 16:50:53] b'Minimum = 0ms, Maximum = 0ms, Average = 0ms'
INFO - [2025-01-26 16:50:53] <----------------------------------->
INFO - [2025-01-26 16:50:53] [End ping]

INFO - 3.12.6 (tags/v3.12.6:a4a2d2b, Sep  6 2024, 20:11:23) [MSC v.1940 64 bit (AMD64)]

INFO - [2025-01-26-16:52:40] [c:\Users\manu\Desktop\Testing_Py\Ping_and_Scan_tool\settings.ini]
INFO - [2025-01-26-16:52:40] [c:\Users\manu\Desktop\Testing_Py\Ping_and_Scan_tool\ports.ini]

INFO - CPU Info:
INFO - Physical cores: 4
INFO - Total cores: 8
INFO - Max Frequency: 4200.0Mhz
INFO - Min Frequency: 0.0Mhz
INFO - Current Frequency: 4200.0Mhz
INFO - CPU Usage Per Core: [33.3, 30.4, 45.5, 36.4, 45.5, 45.5, 36.4, 50.0]
INFO - Total CPU Usage: 40.2%

INFO - Memory Info:
INFO - Total: 31.94 GB
INFO - Available: 22.21 GB
INFO - Used: 9.73 GB
INFO - Percentage: 30.5%

INFO - Network Info:
INFO - Total Bytes Sent: 110.57 MB
INFO - Total Bytes Received: 855.02 MB

INFO - [2025-01-26 16:52:42] [Start ping]
INFO - [2025-01-26 16:52:42] <----------------------------------->
INFO - [2025-01-26 16:52:42] Pinging Manu [::1] with 32 bytes of data:
INFO - [2025-01-26 16:52:42] Reply from ::1: time<1ms
INFO - [2025-01-26 16:52:42] Reply from ::1: time<1ms
INFO - [2025-01-26 16:52:42] Reply from ::1: time<1ms
INFO - [2025-01-26 16:52:42] Reply from ::1: time<1ms
INFO - [2025-01-26 16:52:42] Ping statistics for ::1:
INFO - [2025-01-26 16:52:42] Packets: Sent = 4, Received = 4, Lost = 0 (0% loss),
INFO - [2025-01-26 16:52:42] Approximate round trip times in milli-seconds:
INFO - [2025-01-26 16:52:42] Minimum = 0ms, Maximum = 0ms, Average = 0ms
INFO - [2025-01-26 16:52:42] <----------------------------------->
INFO - [2025-01-26 16:52:42] [End ping]

INFO - 3.12.6 (tags/v3.12.6:a4a2d2b, Sep  6 2024, 20:11:23) [MSC v.1940 64 bit (AMD64)]

INFO - [2025-01-26-16:53:30] [c:\Users\manu\Desktop\Testing_Py\Ping_and_Scan_tool\settings.ini]
INFO - [2025-01-26-16:53:30] [c:\Users\manu\Desktop\Testing_Py\Ping_and_Scan_tool\ports.ini]

INFO - CPU Info:
INFO -  Physical cores: 4
INFO -  Total cores: 8
INFO -  Max Frequency: 4200.0Mhz
INFO -  Min Frequency: 0.0Mhz
INFO -  Current Frequency: 4200.0Mhz
INFO -  CPU Usage Per Core: [22.7, 39.1, 40.9, 31.8, 36.4, 22.7, 36.4, 18.2]
INFO -  Total CPU Usage: 31.1%

INFO - Memory Info:
INFO -  Total: 31.94 GB
INFO -  Available: 22.20 GB
INFO -  Used: 9.74 GB
INFO -  Percentage: 30.5%

INFO -  Network Info:
INFO -  Total Bytes Sent: 110.84 MB
INFO -  Total Bytes Received: 859.90 MB

INFO - 3.12.6 (tags/v3.12.6:a4a2d2b, Sep  6 2024, 20:11:23) [MSC v.1940 64 bit (AMD64)]

INFO - [2025-01-26-16:55:06] [c:\Users\manu\Desktop\Testing_Py\Ping_and_Scan_tool\settings.ini] found
INFO - [2025-01-26-16:55:06] [c:\Users\manu\Desktop\Testing_Py\Ping_and_Scan_tool\ports.ini] found

INFO - CPU Info:
INFO -  Physical cores: 4
INFO -  Total cores: 8
INFO -  Max Frequency: 4200.0Mhz
INFO -  Min Frequency: 0.0Mhz
INFO -  Current Frequency: 4200.0Mhz
INFO -  CPU Usage Per Core: [33.3, 20.8, 60.9, 21.7, 21.7, 13.0, 34.8, 17.4]
INFO -  Total CPU Usage: 28.0%

INFO - Memory Info:
INFO -  Total: 31.94 GB
INFO -  Available: 22.22 GB
INFO -  Used: 9.72 GB
INFO -  Percentage: 30.4%

INFO -  Network Info:
INFO -  Total Bytes Sent: 111.32 MB
INFO -  Total Bytes Received: 872.86 MB

